<?xml version="1.0" encoding="UTF-8"?>
<!-- Generated by org.testng.reporters.JUnitXMLReporter -->
<testsuite hostname="Ammar" name="HubSpot TestNG Functional Regression Test" tests="5" failures="2" timestamp="30 Oct 2020 03:28:50 GMT" time="57.192" errors="0">
  <testcase name="verifyPageTitle" time="5.297" classname="com.qa.hubspot.tests.LoginPageTest"/>
  <testcase name="verifyHomePageTitle" time="0.019" classname="com.qa.hubspot.tests.HomePageTest"/>
  <testcase name="verifySignUpLinkTest" time="0.128" classname="com.qa.hubspot.tests.LoginPageTest"/>
  <testcase name="verifyHomeHeaderTest" time="20.048" classname="com.qa.hubspot.tests.HomePageTest">
    <failure type="java.lang.AssertionError" message="expected [User Guide] but found [null]">
      <![CDATA[java.lang.AssertionError: expected [User Guide] but found [null]
	at com.qa.hubspot.tests.HomePageTest.verifyHomeHeaderTest(HomePageTest.java:45)
... Removed 31 stack frames]]>
    </failure>
  </testcase> <!-- verifyHomeHeaderTest -->
  <testcase name="LoginTest" time="20.066" classname="com.qa.hubspot.tests.LoginPageTest">
    <failure type="org.openqa.selenium.NoSuchElementException" message="no such element: Unable to locate element: {&amp;quot;method&amp;quot;:&amp;quot;css selector&amp;quot;,&amp;quot;selector&amp;quot;:&amp;quot;#username&amp;quot;}
  (Session info: chrome=86.0.4240.111)
For documentation on this error, please visit: https://www.seleniumhq.org/exceptions/no_such_element.html
Build info: version: &amp;apos;3.141.59&amp;apos;, revision: &amp;apos;e82be7d358&amp;apos;, time: &amp;apos;2018-11-14T08:17:03&amp;apos;
System info: host: &amp;apos;Ammar&amp;apos;, ip: &amp;apos;fe80:0:0:0:842:5647:57a9:e03b%en0&amp;apos;, os.name: &amp;apos;Mac OS X&amp;apos;, os.arch: &amp;apos;x86_64&amp;apos;, os.version: &amp;apos;10.15.7&amp;apos;, java.version: &amp;apos;1.8.0_271&amp;apos;
Driver info: org.openqa.selenium.chrome.ChromeDriver
Capabilities {acceptInsecureCerts: false, browserName: chrome, browserVersion: 86.0.4240.111, chrome: {chromedriverVersion: 86.0.4240.22 (398b0743353ff..., userDataDir: /var/folders/qs/t0bshc4n433...}, goog:chromeOptions: {debuggerAddress: localhost:54119}, javascriptEnabled: true, networkConnectionEnabled: false, pageLoadStrategy: normal, platform: MAC, platformName: MAC, proxy: Proxy(), setWindowRect: true, strictFileInteractability: false, timeouts: {implicit: 0, pageLoad: 300000, script: 30000}, unhandledPromptBehavior: dismiss and notify, webauthn:virtualAuthenticators: true}
Session ID: db576fefdc65ff9be066ad1ad1fa2593
*** Element info: {Using=id, value=username}">
      <![CDATA[org.openqa.selenium.NoSuchElementException: no such element: Unable to locate element: {"method":"css selector","selector":"#username"}
  (Session info: chrome=86.0.4240.111)
For documentation on this error, please visit: https://www.seleniumhq.org/exceptions/no_such_element.html
Build info: version: '3.141.59', revision: 'e82be7d358', time: '2018-11-14T08:17:03'
System info: host: 'Ammar', ip: 'fe80:0:0:0:842:5647:57a9:e03b%en0', os.name: 'Mac OS X', os.arch: 'x86_64', os.version: '10.15.7', java.version: '1.8.0_271'
Driver info: org.openqa.selenium.chrome.ChromeDriver
Capabilities {acceptInsecureCerts: false, browserName: chrome, browserVersion: 86.0.4240.111, chrome: {chromedriverVersion: 86.0.4240.22 (398b0743353ff..., userDataDir: /var/folders/qs/t0bshc4n433...}, goog:chromeOptions: {debuggerAddress: localhost:54119}, javascriptEnabled: true, networkConnectionEnabled: false, pageLoadStrategy: normal, platform: MAC, platformName: MAC, proxy: Proxy(), setWindowRect: true, strictFileInteractability: false, timeouts: {implicit: 0, pageLoad: 300000, script: 30000}, unhandledPromptBehavior: dismiss and notify, webauthn:virtualAuthenticators: true}
Session ID: db576fefdc65ff9be066ad1ad1fa2593
*** Element info: {Using=id, value=username}
	at org.openqa.selenium.remote.http.W3CHttpResponseCodec.createException(W3CHttpResponseCodec.java:187)
	at org.openqa.selenium.remote.http.W3CHttpResponseCodec.decode(W3CHttpResponseCodec.java:122)
	at org.openqa.selenium.remote.http.W3CHttpResponseCodec.decode(W3CHttpResponseCodec.java:49)
	at org.openqa.selenium.remote.HttpCommandExecutor.execute(HttpCommandExecutor.java:158)
	at org.openqa.selenium.remote.service.DriverCommandExecutor.execute(DriverCommandExecutor.java:83)
	at org.openqa.selenium.remote.RemoteWebDriver.execute(RemoteWebDriver.java:552)
	at org.openqa.selenium.remote.RemoteWebDriver.findElement(RemoteWebDriver.java:323)
	at org.openqa.selenium.remote.RemoteWebDriver.findElementById(RemoteWebDriver.java:372)
	at org.openqa.selenium.By$ById.findElement(By.java:188)
	at org.openqa.selenium.remote.RemoteWebDriver.findElement(RemoteWebDriver.java:315)
	at com.qa.hubspot.util.ElementUtil.getElement(ElementUtil.java:136)
	at com.qa.hubspot.pages.LoginPage.doLogin(LoginPage.java:40)
	at com.qa.hubspot.tests.LoginPageTest.LoginTest(LoginPageTest.java:48)
... Removed 29 stack frames]]>
    </failure>
  </testcase> <!-- LoginTest -->
</testsuite> <!-- HubSpot TestNG Functional Regression Test -->
